# JRE version: Java(TM) SE Runtime Environment (8.0_261-b12) (build 1.8.0_261-b12)
# Java VM: Java HotSpot(TM) 64-Bit Server VM (25.261-b12 mixed mode bsd-amd64 compressed oops)
Heap:
 PSYoungGen      total 678400K, used 122490K [0x0000000795580000, 0x00000007bfd00000, 0x00000007c0000000)
  eden space 662016K, 18% used [0x0000000795580000,0x000000079cd1e810,0x00000007bdc00000)
  from space 16384K, 0% used [0x00000007bed00000,0x00000007bed00000,0x00000007bfd00000)
  to   space 16896K, 0% used [0x00000007bdc00000,0x00000007bdc00000,0x00000007bec80000)
 ParOldGen       total 494080K, used 35678K [0x0000000740000000, 0x000000075e280000, 0x0000000795580000)
  object space 494080K, 7% used [0x0000000740000000,0x00000007422d7830,0x000000075e280000)
 Metaspace       used 64788K, capacity 67992K, committed 68480K, reserved 1107968K
  class space    used 8875K, capacity 9450K, committed 9600K, reserved 1048576K
GC Heap History (10 events):
Event: 10.881 GC heap before
{Heap before GC invocations=23 (full 2):
 PSYoungGen      total 673280K, used 657408K [0x0000000795580000, 0x00000007bfc00000, 0x00000007c0000000)
  eden space 651776K, 100% used [0x0000000795580000,0x00000007bd200000,0x00000007bd200000)
  from space 21504K, 26% used [0x00000007be700000,0x00000007bec80010,0x00000007bfc00000)
  to   space 21504K, 0% used [0x00000007bd200000,0x00000007bd200000,0x00000007be700000)
 ParOldGen       total 338432K, used 40295K [0x0000000740000000, 0x0000000754a80000, 0x0000000795580000)
  object space 338432K, 11% used [0x0000000740000000,0x0000000742759d68,0x0000000754a80000)
 Metaspace       used 53153K, capacity 56204K, committed 56448K, reserved 1097728K
  class space    used 7391K, capacity 7968K, committed 8064K, reserved 1048576K
Event: 10.885 GC heap after
Heap after GC invocations=23 (full 2):
 PSYoungGen      total 673280K, used 6335K [0x0000000795580000, 0x00000007bfe00000, 0x00000007c0000000)
  eden space 651776K, 0% used [0x0000000795580000,0x0000000795580000,0x00000007bd200000)
  from space 21504K, 29% used [0x00000007bd200000,0x00000007bd82fe00,0x00000007be700000)
  to   space 20480K, 0% used [0x00000007bea00000,0x00000007bea00000,0x00000007bfe00000)
 ParOldGen       total 338432K, used 40295K [0x0000000740000000, 0x0000000754a80000, 0x0000000795580000)
  object space 338432K, 11% used [0x0000000740000000,0x0000000742759d68,0x0000000754a80000)
 Metaspace       used 53153K, capacity 56204K, committed 56448K, reserved 1097728K
  class space    used 7391K, capacity 7968K, committed 8064K, reserved 1048576K
}
Event: 11.265 GC heap before
{Heap before GC invocations=24 (full 2):
 PSYoungGen      total 673280K, used 658111K [0x0000000795580000, 0x00000007bfe00000, 0x00000007c0000000)
  eden space 651776K, 100% used [0x0000000795580000,0x00000007bd200000,0x00000007bd200000)
  from space 21504K, 29% used [0x00000007bd200000,0x00000007bd82fe00,0x00000007be700000)
  to   space 20480K, 0% used [0x00000007bea00000,0x00000007bea00000,0x00000007bfe00000)
 ParOldGen       total 338432K, used 40295K [0x0000000740000000, 0x0000000754a80000, 0x0000000795580000)
  object space 338432K, 11% used [0x0000000740000000,0x0000000742759d68,0x0000000754a80000)
 Metaspace       used 53153K, capacity 56204K, committed 56448K, reserved 1097728K
  class space    used 7391K, capacity 7968K, committed 8064K, reserved 1048576K
Event: 11.269 GC heap after
Heap after GC invocations=24 (full 2):
 PSYoungGen      total 675328K, used 7392K [0x0000000795580000, 0x00000007bfc00000, 0x00000007c0000000)
  eden space 656896K, 0% used [0x0000000795580000,0x0000000795580000,0x00000007bd700000)
  from space 18432K, 40% used [0x00000007bea00000,0x00000007bf138010,0x00000007bfc00000)
  to   space 18944K, 0% used [0x00000007bd700000,0x00000007bd700000,0x00000007be980000)
 ParOldGen       total 338432K, used 40295K [0x0000000740000000, 0x0000000754a80000, 0x0000000795580000)
  object space 338432K, 11% used [0x0000000740000000,0x0000000742759d68,0x0000000754a80000)
 Metaspace       used 53153K, capacity 56204K, committed 56448K, reserved 1097728K
  class space    used 7391K, capacity 7968K, committed 8064K, reserved 1048576K
}
Event: 12.651 GC heap before
{Heap before GC invocations=25 (full 2):
 PSYoungGen      total 675328K, used 664288K [0x0000000795580000, 0x00000007bfc00000, 0x00000007c0000000)
  eden space 656896K, 100% used [0x0000000795580000,0x00000007bd700000,0x00000007bd700000)
  from space 18432K, 40% used [0x00000007bea00000,0x00000007bf138010,0x00000007bfc00000)
  to   space 18944K, 0% used [0x00000007bd700000,0x00000007bd700000,0x00000007be980000)
 ParOldGen       total 338432K, used 40295K [0x0000000740000000, 0x0000000754a80000, 0x0000000795580000)
  object space 338432K, 11% used [0x0000000740000000,0x0000000742759d68,0x0000000754a80000)
 Metaspace       used 53257K, capacity 56302K, committed 56448K, reserved 1097728K
  class space    used 7396K, capacity 7975K, committed 8064K, reserved 1048576K
Event: 12.653 GC heap after
Heap after GC invocations=25 (full 2):
 PSYoungGen      total 675840K, used 6482K [0x0000000795580000, 0x00000007bfe80000, 0x00000007c0000000)
  eden space 656896K, 0% used [0x0000000795580000,0x0000000795580000,0x00000007bd700000)
  from space 18944K, 34% used [0x00000007bd700000,0x00000007bdd54980,0x00000007be980000)
  to   space 17920K, 0% used [0x00000007bed00000,0x00000007bed00000,0x00000007bfe80000)
 ParOldGen       total 338432K, used 40303K [0x0000000740000000, 0x0000000754a80000, 0x0000000795580000)
  object space 338432K, 11% used [0x0000000740000000,0x000000074275bd68,0x0000000754a80000)
 Metaspace       used 53257K, capacity 56302K, committed 56448K, reserved 1097728K
  class space    used 7396K, capacity 7975K, committed 8064K, reserved 1048576K
}
Event: 13.332 GC heap before
{Heap before GC invocations=26 (full 2):
 PSYoungGen      total 675840K, used 144306K [0x0000000795580000, 0x00000007bfe80000, 0x00000007c0000000)
  eden space 656896K, 20% used [0x0000000795580000,0x000000079dc17ea0,0x00000007bd700000)
  from space 18944K, 34% used [0x00000007bd700000,0x00000007bdd54980,0x00000007be980000)
  to   space 17920K, 0% used [0x00000007bed00000,0x00000007bed00000,0x00000007bfe80000)
 ParOldGen       total 338432K, used 40303K [0x0000000740000000, 0x0000000754a80000, 0x0000000795580000)
  object space 338432K, 11% used [0x0000000740000000,0x000000074275bd68,0x0000000754a80000)
 Metaspace       used 55734K, capacity 58902K, committed 59008K, reserved 1099776K
  class space    used 7723K, capacity 8312K, committed 8320K, reserved 1048576K
Event: 13.335 GC heap after
Heap after GC invocations=26 (full 2):
 PSYoungGen      total 678400K, used 6104K [0x0000000795580000, 0x00000007bfd00000, 0x00000007c0000000)
  eden space 662016K, 0% used [0x0000000795580000,0x0000000795580000,0x00000007bdc00000)
  from space 16384K, 37% used [0x00000007bed00000,0x00000007bf2f6260,0x00000007bfd00000)
  to   space 16896K, 0% used [0x00000007bdc00000,0x00000007bdc00000,0x00000007bec80000)
 ParOldGen       total 338432K, used 40311K [0x0000000740000000, 0x0000000754a80000, 0x0000000795580000)
  object space 338432K, 11% used [0x0000000740000000,0x000000074275dd68,0x0000000754a80000)
 Metaspace       used 55734K, capacity 58902K, committed 59008K, reserved 1099776K
  class space    used 7723K, capacity 8312K, committed 8320K, reserved 1048576K
}
Event: 13.335 GC heap before
{Heap before GC invocations=27 (full 3):
 PSYoungGen      total 678400K, used 6104K [0x0000000795580000, 0x00000007bfd00000, 0x00000007c0000000)
  eden space 662016K, 0% used [0x0000000795580000,0x0000000795580000,0x00000007bdc00000)
  from space 16384K, 37% used [0x00000007bed00000,0x00000007bf2f6260,0x00000007bfd00000)
  to   space 16896K, 0% used [0x00000007bdc00000,0x00000007bdc00000,0x00000007bec80000)
 ParOldGen       total 338432K, used 40311K [0x0000000740000000, 0x0000000754a80000, 0x0000000795580000)
  object space 338432K, 11% used [0x0000000740000000,0x000000074275dd68,0x0000000754a80000)
 Metaspace       used 55734K, capacity 58902K, committed 59008K, reserved 1099776K
  class space    used 7723K, capacity 8312K, committed 8320K, reserved 1048576K
Event: 13.485 GC heap after
Heap after GC invocations=27 (full 3):
 PSYoungGen      total 678400K, used 0K [0x0000000795580000, 0x00000007bfd00000, 0x00000007c0000000)
  eden space 662016K, 0% used [0x0000000795580000,0x0000000795580000,0x00000007bdc00000)
  from space 16384K, 0% used [0x00000007bed00000,0x00000007bed00000,0x00000007bfd00000)
  to   space 16896K, 0% used [0x00000007bdc00000,0x00000007bdc00000,0x00000007bec80000)
 ParOldGen       total 494080K, used 35678K [0x0000000740000000, 0x000000075e280000, 0x0000000795580000)
  object space 494080K, 7% used [0x0000000740000000,0x00000007422d7830,0x000000075e280000)
 Metaspace       used 55554K, capacity 58376K, committed 59008K, reserved 1099776K
  class space    used 7664K, capacity 8166K, committed 8320K, reserved 1048576K
}

